<?xml version="1.0" encoding="UTF-8"?>
<!-- Generated by org.testng.reporters.JUnitReportReporter -->
<testsuite hostname="DESKTOP-3JT573J" failures="0" tests="6" name="Test.NewTest" time="43.508" errors="0" timestamp="2020-02-15T16:32:37 IST" skipped="0">
  <testcase classname="Test.NewTest" name="j" time="4.035"/>
  <testcase classname="Test.NewTest" name="k" time="3.778"/>
  <testcase classname="Test.NewTest" name="h" time="7.495"/>
  <testcase classname="Test.NewTest" name="g" time="5.315"/>
  <testcase classname="Test.NewTest" name="f" time="19.418"/>
  <testcase classname="Test.NewTest" name="i" time="3.467"/>
</testsuite> <!-- Test.NewTest -->
